{
  "RSpec": {
    "coverage": {
      "/Users/julio/Documents/Koombea_Projects/contact-importer/app/models/user.rb": {
        "lines": [
          null,
          null,
          null,
          null,
          null,
          null,
          null,
          null,
          null,
          null,
          null,
          null,
          null,
          null,
          null,
          null,
          null,
          null,
          1,
          null,
          null,
          1,
          null,
          1,
          1,
          1,
          null
        ]
      },
      "/Users/julio/Documents/Koombea_Projects/contact-importer/app/models/application_record.rb": {
        "lines": [
          1,
          1,
          null
        ]
      },
      "/Users/julio/Documents/Koombea_Projects/contact-importer/app/helpers/application_helper.rb": {
        "lines": [
          1,
          null
        ]
      },
      "/Users/julio/Documents/Koombea_Projects/contact-importer/app/helpers/contacts_helper.rb": {
        "lines": [
          1,
          null
        ]
      },
      "/Users/julio/Documents/Koombea_Projects/contact-importer/app/helpers/csv_files_helper.rb": {
        "lines": [
          1,
          null
        ]
      },
      "/Users/julio/Documents/Koombea_Projects/contact-importer/app/jobs/process_contacts_job.rb": {
        "lines": [
          1,
          1,
          null,
          1,
          1,
          null,
          null
        ]
      },
      "/Users/julio/Documents/Koombea_Projects/contact-importer/app/jobs/application_job.rb": {
        "lines": [
          1,
          null,
          null,
          null,
          null,
          null,
          null
        ]
      },
      "/Users/julio/Documents/Koombea_Projects/contact-importer/app/jobs/start_process_contacts_job.rb": {
        "lines": [
          1,
          1,
          null,
          1,
          1,
          null,
          null
        ]
      },
      "/Users/julio/Documents/Koombea_Projects/contact-importer/app/models/contact_log.rb": {
        "lines": [
          null,
          null,
          null,
          null,
          null,
          null,
          null,
          null,
          null,
          null,
          null,
          null,
          null,
          null,
          null,
          null,
          null,
          null,
          null,
          null,
          null,
          null,
          null,
          null,
          null,
          null,
          null,
          null,
          null,
          1,
          1,
          1,
          1,
          null,
          1,
          null,
          1,
          13,
          13,
          13,
          null,
          null,
          1,
          13,
          null,
          null,
          1,
          13,
          null,
          null,
          1,
          13,
          null,
          null
        ]
      },
      "/Users/julio/Documents/Koombea_Projects/contact-importer/app/models/contact.rb": {
        "lines": [
          null,
          null,
          null,
          null,
          null,
          null,
          null,
          null,
          null,
          null,
          null,
          null,
          null,
          null,
          null,
          null,
          null,
          null,
          null,
          null,
          null,
          null,
          null,
          null,
          null,
          null,
          null,
          null,
          null,
          1,
          1,
          null,
          1,
          1,
          1,
          null,
          1,
          1,
          1,
          1,
          null,
          null,
          null,
          null,
          1,
          1,
          1,
          null,
          1,
          null,
          1,
          51,
          null,
          null,
          1,
          19,
          19,
          19,
          null,
          null,
          1,
          19,
          null,
          null,
          1,
          19,
          null,
          null,
          1,
          19,
          null,
          null
        ]
      },
      "/Users/julio/Documents/Koombea_Projects/contact-importer/app/models/csv_file.rb": {
        "lines": [
          null,
          null,
          null,
          null,
          null,
          null,
          null,
          null,
          null,
          null,
          null,
          null,
          null,
          null,
          null,
          null,
          null,
          null,
          null,
          1,
          1,
          1,
          null,
          1,
          1,
          1,
          1,
          1,
          null,
          1,
          1,
          null,
          1,
          null,
          1,
          3,
          3,
          null,
          null,
          1,
          5,
          15,
          15,
          15,
          15,
          null,
          5,
          null,
          null,
          1,
          null,
          1,
          46,
          null,
          44,
          null,
          null,
          1,
          39,
          null,
          null,
          1,
          31,
          null,
          null,
          1,
          3,
          null,
          null,
          1,
          15,
          15,
          15,
          15,
          null,
          null,
          1,
          15,
          15,
          15,
          null,
          null
        ]
      },
      "/Users/julio/Documents/Koombea_Projects/contact-importer/app/controllers/csv_files_controller.rb": {
        "lines": [
          1,
          null,
          1,
          1,
          null,
          null,
          1,
          2,
          2,
          2,
          2,
          null,
          2,
          null,
          null,
          null,
          null,
          1,
          null,
          1,
          2,
          null,
          null
        ]
      },
      "/Users/julio/Documents/Koombea_Projects/contact-importer/app/controllers/application_controller.rb": {
        "lines": [
          1,
          1,
          null
        ]
      },
      "/Users/julio/Documents/Koombea_Projects/contact-importer/app/controllers/contacts_controller.rb": {
        "lines": [
          1,
          1,
          null,
          null,
          null
        ]
      },
      "/Users/julio/Documents/Koombea_Projects/contact-importer/app/channels/application_cable/channel.rb": {
        "lines": [
          0,
          0,
          0,
          0
        ],
        "branches": {
        }
      },
      "/Users/julio/Documents/Koombea_Projects/contact-importer/app/channels/application_cable/connection.rb": {
        "lines": [
          0,
          0,
          0,
          0
        ],
        "branches": {
        }
      },
      "/Users/julio/Documents/Koombea_Projects/contact-importer/app/mailers/application_mailer.rb": {
        "lines": [
          0,
          0,
          0,
          0
        ],
        "branches": {
        }
      }
    },
    "timestamp": 1658264103
  }
}
